mode: set
github.com/thalesignite/gose/jose/jwe.go:56.45,58.61 2 0
github.com/thalesignite/gose/jose/jwe.go:61.2,62.8 2 0
github.com/thalesignite/gose/jose/jwe.go:58.61,60.3 1 0
github.com/thalesignite/gose/jose/jwe.go:66.51,69.21 2 0
github.com/thalesignite/gose/jose/jwe.go:73.2,73.90 1 0
github.com/thalesignite/gose/jose/jwe.go:76.2,76.73 1 0
github.com/thalesignite/gose/jose/jwe.go:80.2,80.31 1 0
github.com/thalesignite/gose/jose/jwe.go:85.2,85.76 1 0
github.com/thalesignite/gose/jose/jwe.go:88.2,88.84 1 0
github.com/thalesignite/gose/jose/jwe.go:91.2,91.77 1 0
github.com/thalesignite/gose/jose/jwe.go:94.2,94.8 1 0
github.com/thalesignite/gose/jose/jwe.go:69.21,72.3 2 0
github.com/thalesignite/gose/jose/jwe.go:73.90,75.3 1 0
github.com/thalesignite/gose/jose/jwe.go:76.73,78.3 1 0
github.com/thalesignite/gose/jose/jwe.go:80.31,81.87 1 0
github.com/thalesignite/gose/jose/jwe.go:81.87,83.4 1 0
github.com/thalesignite/gose/jose/jwe.go:85.76,87.3 1 0
github.com/thalesignite/gose/jose/jwe.go:88.84,90.3 1 0
github.com/thalesignite/gose/jose/jwe.go:91.77,93.3 1 0
github.com/thalesignite/gose/jose/jwe.go:98.34,107.2 2 0
github.com/thalesignite/gose/jose/jwk.go:39.61,42.2 2 1
github.com/thalesignite/gose/jose/jwk.go:45.61,47.69 2 1
github.com/thalesignite/gose/jose/jwk.go:50.2,51.12 2 1
github.com/thalesignite/gose/jose/jwk.go:47.69,49.3 1 0
github.com/thalesignite/gose/jose/jwk.go:60.38,62.2 1 0
github.com/thalesignite/gose/jose/jwk.go:65.57,68.2 2 0
github.com/thalesignite/gose/jose/jwk.go:71.55,73.79 2 1
github.com/thalesignite/gose/jose/jwk.go:76.2,76.25 1 1
github.com/thalesignite/gose/jose/jwk.go:79.2,79.12 1 1
github.com/thalesignite/gose/jose/jwk.go:73.79,75.3 1 0
github.com/thalesignite/gose/jose/jwk.go:76.25,78.3 1 0
github.com/thalesignite/gose/jose/jwk.go:83.61,84.25 1 1
github.com/thalesignite/gose/jose/jwk.go:88.2,89.8 2 1
github.com/thalesignite/gose/jose/jwk.go:84.25,87.3 2 0
github.com/thalesignite/gose/jose/jwk.go:123.34,125.2 1 0
github.com/thalesignite/gose/jose/jwk.go:127.40,129.2 1 0
github.com/thalesignite/gose/jose/jwk.go:131.36,133.2 1 0
github.com/thalesignite/gose/jose/jwk.go:135.42,137.2 1 0
github.com/thalesignite/gose/jose/jwk.go:139.31,141.2 1 0
github.com/thalesignite/gose/jose/jwk.go:143.37,145.2 1 0
github.com/thalesignite/gose/jose/jwk.go:147.34,149.2 1 1
github.com/thalesignite/gose/jose/jwk.go:151.40,153.2 1 1
github.com/thalesignite/gose/jose/jwk.go:155.47,157.29 2 1
github.com/thalesignite/gose/jose/jwk.go:160.2,160.14 1 1
github.com/thalesignite/gose/jose/jwk.go:157.29,159.3 1 1
github.com/thalesignite/gose/jose/jwk.go:163.53,164.24 1 1
github.com/thalesignite/gose/jose/jwk.go:164.24,168.3 1 1
github.com/thalesignite/gose/jose/jwk.go:171.40,173.2 1 0
github.com/thalesignite/gose/jose/jwk.go:175.47,177.2 1 1
github.com/thalesignite/gose/jose/jwk.go:179.46,181.23 1 1
github.com/thalesignite/gose/jose/jwk.go:192.2,192.23 1 1
github.com/thalesignite/gose/jose/jwk.go:204.2,204.12 1 1
github.com/thalesignite/gose/jose/jwk.go:181.23,182.56 1 1
github.com/thalesignite/gose/jose/jwk.go:182.56,183.40 1 1
github.com/thalesignite/gose/jose/jwk.go:183.40,184.26 1 1
github.com/thalesignite/gose/jose/jwk.go:184.26,186.6 1 1
github.com/thalesignite/gose/jose/jwk.go:192.23,193.22 1 1
github.com/thalesignite/gose/jose/jwk.go:193.22,195.73 2 1
github.com/thalesignite/gose/jose/jwk.go:198.4,199.64 2 1
github.com/thalesignite/gose/jose/jwk.go:195.73,197.5 1 0
github.com/thalesignite/gose/jose/jwk.go:199.64,201.5 1 1
github.com/thalesignite/gose/jose/jwk.go:220.34,222.2 1 1
github.com/thalesignite/gose/jose/jwk.go:225.62,237.2 3 1
github.com/thalesignite/gose/jose/jwk.go:240.62,250.57 2 1
github.com/thalesignite/gose/jose/jwk.go:253.2,253.31 1 1
github.com/thalesignite/gose/jose/jwk.go:256.2,257.8 2 1
github.com/thalesignite/gose/jose/jwk.go:250.57,252.3 1 0
github.com/thalesignite/gose/jose/jwk.go:253.31,255.3 1 0
github.com/thalesignite/gose/jose/jwk.go:277.35,279.2 1 1
github.com/thalesignite/gose/jose/jwk.go:282.63,296.2 3 1
github.com/thalesignite/gose/jose/jwk.go:299.63,311.57 2 1
github.com/thalesignite/gose/jose/jwk.go:314.2,314.31 1 1
github.com/thalesignite/gose/jose/jwk.go:317.2,318.8 2 1
github.com/thalesignite/gose/jose/jwk.go:311.57,313.3 1 0
github.com/thalesignite/gose/jose/jwk.go:314.31,316.3 1 0
github.com/thalesignite/gose/jose/jwk.go:335.33,337.2 1 1
github.com/thalesignite/gose/jose/jwk.go:340.61,352.2 3 1
github.com/thalesignite/gose/jose/jwk.go:355.61,365.57 2 1
github.com/thalesignite/gose/jose/jwk.go:368.2,368.30 1 1
github.com/thalesignite/gose/jose/jwk.go:371.2,372.8 2 1
github.com/thalesignite/gose/jose/jwk.go:365.57,367.3 1 0
github.com/thalesignite/gose/jose/jwk.go:368.30,370.3 1 0
github.com/thalesignite/gose/jose/jwk.go:387.34,389.2 1 1
github.com/thalesignite/gose/jose/jwk.go:392.62,406.2 3 1
github.com/thalesignite/gose/jose/jwk.go:409.62,421.57 2 1
github.com/thalesignite/gose/jose/jwk.go:424.2,424.30 1 1
github.com/thalesignite/gose/jose/jwk.go:427.2,428.8 2 1
github.com/thalesignite/gose/jose/jwk.go:421.57,423.3 1 0
github.com/thalesignite/gose/jose/jwk.go:424.30,426.3 1 0
github.com/thalesignite/gose/jose/jwk.go:443.34,445.2 1 1
github.com/thalesignite/gose/jose/jwk.go:448.62,460.2 3 1
github.com/thalesignite/gose/jose/jwk.go:463.62,473.57 2 1
github.com/thalesignite/gose/jose/jwk.go:476.2,476.31 1 1
github.com/thalesignite/gose/jose/jwk.go:479.2,480.8 2 1
github.com/thalesignite/gose/jose/jwk.go:473.57,475.3 1 0
github.com/thalesignite/gose/jose/jwk.go:476.31,478.3 1 0
github.com/thalesignite/gose/jose/jwk.go:484.62,490.48 3 1
github.com/thalesignite/gose/jose/jwk.go:493.2,493.55 1 1
github.com/thalesignite/gose/jose/jwk.go:496.2,496.21 1 1
github.com/thalesignite/gose/jose/jwk.go:530.2,530.8 1 1
github.com/thalesignite/gose/jose/jwk.go:490.48,492.3 1 0
github.com/thalesignite/gose/jose/jwk.go:493.55,495.3 1 0
github.com/thalesignite/gose/jose/jwk.go:497.14,499.45 2 1
github.com/thalesignite/gose/jose/jwk.go:503.3,503.32 1 1
github.com/thalesignite/gose/jose/jwk.go:508.3,508.9 1 1
github.com/thalesignite/gose/jose/jwk.go:509.13,511.44 2 1
github.com/thalesignite/gose/jose/jwk.go:514.3,514.31 1 1
github.com/thalesignite/gose/jose/jwk.go:519.3,519.9 1 1
github.com/thalesignite/gose/jose/jwk.go:520.14,522.45 2 1
github.com/thalesignite/gose/jose/jwk.go:525.3,525.13 1 1
github.com/thalesignite/gose/jose/jwk.go:526.10,528.9 2 0
github.com/thalesignite/gose/jose/jwk.go:499.45,501.4 1 0
github.com/thalesignite/gose/jose/jwk.go:503.32,505.4 1 1
github.com/thalesignite/gose/jose/jwk.go:505.9,507.4 1 0
github.com/thalesignite/gose/jose/jwk.go:511.44,513.4 1 0
github.com/thalesignite/gose/jose/jwk.go:514.31,516.4 1 1
github.com/thalesignite/gose/jose/jwk.go:516.9,518.4 1 0
github.com/thalesignite/gose/jose/jwk.go:522.45,524.4 1 0
github.com/thalesignite/gose/jose/jwks.go:35.49,39.59 2 1
github.com/thalesignite/gose/jose/jwks.go:42.2,42.40 1 1
github.com/thalesignite/gose/jose/jwks.go:49.2,49.12 1 1
github.com/thalesignite/gose/jose/jwks.go:39.59,41.3 1 0
github.com/thalesignite/gose/jose/jwks.go:42.40,44.17 2 1
github.com/thalesignite/gose/jose/jwks.go:47.3,47.31 1 1
github.com/thalesignite/gose/jose/jwks.go:44.17,46.4 1 0
github.com/thalesignite/gose/jose/jws.go:52.67,54.57 2 1
github.com/thalesignite/gose/jose/jws.go:57.2,57.33 1 1
github.com/thalesignite/gose/jose/jws.go:72.2,72.8 1 1
github.com/thalesignite/gose/jose/jws.go:54.57,56.3 1 0
github.com/thalesignite/gose/jose/jws.go:58.14,59.43 1 1
github.com/thalesignite/gose/jose/jws.go:60.21,61.26 1 1
github.com/thalesignite/gose/jose/jws.go:69.10,70.22 1 0
github.com/thalesignite/gose/jose/jws.go:61.26,63.11 2 1
github.com/thalesignite/gose/jose/jws.go:67.4,67.46 1 1
github.com/thalesignite/gose/jose/jws.go:63.11,66.5 2 1
github.com/thalesignite/gose/jose/jws.go:76.67,77.28 1 1
github.com/thalesignite/gose/jose/jws.go:78.9,80.40 1 1
github.com/thalesignite/gose/jose/jws.go:81.10,82.37 1 1
github.com/thalesignite/gose/jose/jws.go:94.56,95.31 1 1
github.com/thalesignite/gose/jose/jws.go:100.2,100.55 1 1
github.com/thalesignite/gose/jose/jws.go:104.2,105.57 2 1
github.com/thalesignite/gose/jose/jws.go:108.2,109.58 2 1
github.com/thalesignite/gose/jose/jws.go:112.2,115.8 2 1
github.com/thalesignite/gose/jose/jws.go:95.31,99.3 2 0
github.com/thalesignite/gose/jose/jws.go:100.55,103.3 2 0
github.com/thalesignite/gose/jose/jws.go:105.57,107.3 1 0
github.com/thalesignite/gose/jose/jws.go:109.58,111.3 1 0
github.com/thalesignite/gose/jose/jws.go:119.49,122.2 2 0
github.com/thalesignite/gose/jose/jws.go:125.64,128.21 2 1
github.com/thalesignite/gose/jose/jws.go:132.2,132.67 1 1
github.com/thalesignite/gose/jose/jws.go:135.2,135.68 1 1
github.com/thalesignite/gose/jose/jws.go:139.2,139.83 1 1
github.com/thalesignite/gose/jose/jws.go:143.2,144.8 2 1
github.com/thalesignite/gose/jose/jws.go:128.21,131.3 2 0
github.com/thalesignite/gose/jose/jws.go:132.67,134.3 1 0
github.com/thalesignite/gose/jose/jws.go:135.68,137.3 1 0
github.com/thalesignite/gose/jose/jws.go:139.83,142.3 2 0
github.com/thalesignite/gose/jose/jws.go:148.55,150.2 1 1
github.com/thalesignite/gose/jose/jwt.go:73.92,76.39 2 1
github.com/thalesignite/gose/jose/jwt.go:99.2,99.8 1 1
github.com/thalesignite/gose/jose/jwt.go:76.39,79.62 2 1
github.com/thalesignite/gose/jose/jwt.go:79.62,81.23 2 1
github.com/thalesignite/gose/jose/jwt.go:85.4,86.45 2 1
github.com/thalesignite/gose/jose/jwt.go:81.23,84.5 1 0
github.com/thalesignite/gose/jose/jwt.go:86.45,87.25 1 1
github.com/thalesignite/gose/jose/jwt.go:91.5,91.74 1 1
github.com/thalesignite/gose/jose/jwt.go:95.5,95.25 1 1
github.com/thalesignite/gose/jose/jwt.go:87.25,90.6 1 0
github.com/thalesignite/gose/jose/jwt.go:91.74,93.6 1 0
github.com/thalesignite/gose/jose/jwt.go:104.60,106.53 2 1
github.com/thalesignite/gose/jose/jwt.go:110.2,110.75 1 1
github.com/thalesignite/gose/jose/jwt.go:113.2,113.74 1 1
github.com/thalesignite/gose/jose/jwt.go:117.2,118.8 2 1
github.com/thalesignite/gose/jose/jwt.go:106.53,108.3 1 0
github.com/thalesignite/gose/jose/jwt.go:110.75,112.3 1 0
github.com/thalesignite/gose/jose/jwt.go:113.74,115.3 1 0
github.com/thalesignite/gose/jose/jwt.go:122.80,124.8 2 1
github.com/thalesignite/gose/jose/jwt.go:129.2,129.12 1 1
github.com/thalesignite/gose/jose/jwt.go:124.8,125.60 1 1
github.com/thalesignite/gose/jose/jwt.go:125.60,127.4 1 1
github.com/thalesignite/gose/jose/jwt.go:133.59,147.57 3 1
github.com/thalesignite/gose/jose/jwt.go:151.2,151.33 1 1
github.com/thalesignite/gose/jose/jwt.go:167.2,170.57 3 1
github.com/thalesignite/gose/jose/jwt.go:174.2,174.36 1 1
github.com/thalesignite/gose/jose/jwt.go:177.2,177.39 1 1
github.com/thalesignite/gose/jose/jwt.go:147.57,149.3 1 1
github.com/thalesignite/gose/jose/jwt.go:151.33,153.50 1 1
github.com/thalesignite/gose/jose/jwt.go:157.3,164.33 2 1
github.com/thalesignite/gose/jose/jwt.go:153.50,156.4 2 0
github.com/thalesignite/gose/jose/jwt.go:170.57,172.3 1 1
github.com/thalesignite/gose/jose/jwt.go:174.36,176.3 1 1
github.com/thalesignite/gose/jose/jwt.go:188.32,189.31 1 1
github.com/thalesignite/gose/jose/jwt.go:193.2,193.55 1 1
github.com/thalesignite/gose/jose/jwt.go:197.2,197.42 1 1
github.com/thalesignite/gose/jose/jwt.go:202.2,202.12 1 1
github.com/thalesignite/gose/jose/jwt.go:189.31,192.3 1 1
github.com/thalesignite/gose/jose/jwt.go:193.55,196.3 1 1
github.com/thalesignite/gose/jose/jwt.go:197.42,198.50 1 1
github.com/thalesignite/gose/jose/jwt.go:198.50,200.4 1 1
github.com/thalesignite/gose/jose/jwt.go:206.56,207.36 1 1
github.com/thalesignite/gose/jose/jwt.go:210.2,214.26 2 1
github.com/thalesignite/gose/jose/jwt.go:207.36,209.3 1 1
github.com/thalesignite/gose/jose/jwt.go:218.64,226.48 3 1
github.com/thalesignite/gose/jose/jwt.go:230.2,232.36 3 1
github.com/thalesignite/gose/jose/jwt.go:236.2,236.8 1 1
github.com/thalesignite/gose/jose/jwt.go:226.48,228.3 1 0
github.com/thalesignite/gose/jose/jwt.go:232.36,235.3 2 0
github.com/thalesignite/gose/jose/types.go:164.86,167.51 2 1
github.com/thalesignite/gose/jose/types.go:172.2,175.66 4 1
github.com/thalesignite/gose/jose/types.go:179.2,180.8 2 1
github.com/thalesignite/gose/jose/types.go:167.51,170.3 2 1
github.com/thalesignite/gose/jose/types.go:175.66,177.3 1 0
github.com/thalesignite/gose/jose/types.go:183.84,185.19 1 1
github.com/thalesignite/gose/jose/types.go:190.2,195.8 6 1
github.com/thalesignite/gose/jose/types.go:185.19,188.3 2 1
github.com/thalesignite/gose/jose/types.go:204.47,207.2 2 1
github.com/thalesignite/gose/jose/types.go:210.44,213.2 2 0
github.com/thalesignite/gose/jose/types.go:216.33,218.2 1 1
github.com/thalesignite/gose/jose/types.go:221.31,223.2 1 0
github.com/thalesignite/gose/jose/types.go:226.56,229.2 2 1
github.com/thalesignite/gose/jose/types.go:232.56,234.74 2 1
github.com/thalesignite/gose/jose/types.go:237.2,238.8 2 1
github.com/thalesignite/gose/jose/types.go:234.74,236.3 1 1
github.com/thalesignite/gose/jose/types.go:247.31,249.2 1 1
github.com/thalesignite/gose/jose/types.go:252.48,256.2 3 1
github.com/thalesignite/gose/jose/types.go:259.54,262.2 2 1
github.com/thalesignite/gose/jose/types.go:265.43,268.2 2 1
github.com/thalesignite/gose/jose/types.go:270.62,273.69 3 1
github.com/thalesignite/gose/jose/types.go:277.2,277.49 1 1
github.com/thalesignite/gose/jose/types.go:280.2,280.12 1 1
github.com/thalesignite/gose/jose/types.go:273.69,275.3 1 0
github.com/thalesignite/gose/jose/types.go:277.49,279.3 1 0
github.com/thalesignite/gose/signer.go:64.78,67.19 2 1
github.com/thalesignite/gose/signer.go:71.2,72.16 2 1
github.com/thalesignite/gose/signer.go:76.2,76.20 1 1
github.com/thalesignite/gose/signer.go:67.19,69.3 1 1
github.com/thalesignite/gose/signer.go:72.16,74.3 1 1
github.com/thalesignite/gose/signer.go:77.27,78.66 1 1
github.com/thalesignite/gose/signer.go:79.26,80.67 1 1
github.com/thalesignite/gose/signer.go:81.10,82.32 1 0
github.com/thalesignite/gose/signer.go:87.51,89.2 1 0
github.com/thalesignite/gose/signer.go:92.58,94.2 1 0
github.com/thalesignite/gose/signer.go:97.44,100.2 1 1
github.com/thalesignite/gose/signer.go:103.55,105.2 1 1
github.com/thalesignite/gose/signer.go:108.52,110.2 1 1
github.com/thalesignite/gose/signer.go:113.57,115.2 1 1
github.com/thalesignite/gose/signer.go:118.60,121.32 3 1
github.com/thalesignite/gose/signer.go:128.2,133.52 3 1
github.com/thalesignite/gose/signer.go:136.2,136.36 1 1
github.com/thalesignite/gose/signer.go:122.23,124.46 2 1
github.com/thalesignite/gose/signer.go:125.10,126.35 1 0
github.com/thalesignite/gose/signer.go:133.52,135.3 1 0
github.com/thalesignite/gose/signer.go:140.88,143.46 2 1
github.com/thalesignite/gose/signer.go:147.2,148.48 2 1
github.com/thalesignite/gose/signer.go:151.2,153.51 3 1
github.com/thalesignite/gose/signer.go:143.46,145.3 1 0
github.com/thalesignite/gose/signer.go:148.48,150.3 1 0
github.com/thalesignite/gose/signer.go:157.66,159.2 1 0
github.com/thalesignite/gose/signer.go:162.67,164.16 2 1
github.com/thalesignite/gose/signer.go:167.2,167.38 1 1
github.com/thalesignite/gose/signer.go:164.16,166.3 1 0
github.com/thalesignite/gose/jwt_verifier.go:36.120,39.52 3 1
github.com/thalesignite/gose/jwt_verifier.go:42.2,43.34 2 1
github.com/thalesignite/gose/jwt_verifier.go:47.2,47.36 1 1
github.com/thalesignite/gose/jwt_verifier.go:51.2,51.64 1 1
github.com/thalesignite/gose/jwt_verifier.go:56.2,57.37 2 1
github.com/thalesignite/gose/jwt_verifier.go:62.2,62.12 1 1
github.com/thalesignite/gose/jwt_verifier.go:69.2,69.32 1 1
github.com/thalesignite/gose/jwt_verifier.go:73.2,74.16 2 1
github.com/thalesignite/gose/jwt_verifier.go:79.2,79.41 1 1
github.com/thalesignite/gose/jwt_verifier.go:84.2,84.69 1 1
github.com/thalesignite/gose/jwt_verifier.go:88.2,90.8 3 1
github.com/thalesignite/gose/jwt_verifier.go:39.52,41.3 1 0
github.com/thalesignite/gose/jwt_verifier.go:43.34,46.3 2 1
github.com/thalesignite/gose/jwt_verifier.go:47.36,50.3 2 1
github.com/thalesignite/gose/jwt_verifier.go:51.64,54.3 2 1
github.com/thalesignite/gose/jwt_verifier.go:57.37,58.50 1 1
github.com/thalesignite/gose/jwt_verifier.go:58.50,60.4 1 1
github.com/thalesignite/gose/jwt_verifier.go:62.12,65.3 2 1
github.com/thalesignite/gose/jwt_verifier.go:69.32,72.3 2 0
github.com/thalesignite/gose/jwt_verifier.go:74.16,77.3 2 0
github.com/thalesignite/gose/jwt_verifier.go:79.41,82.3 2 0
github.com/thalesignite/gose/jwt_verifier.go:84.69,87.3 2 1
github.com/thalesignite/gose/jwt_verifier.go:94.53,96.2 1 1
github.com/thalesignite/gose/key_generator.go:61.123,63.32 1 1
github.com/thalesignite/gose/key_generator.go:66.2,66.32 1 1
github.com/thalesignite/gose/key_generator.go:69.2,70.16 2 1
github.com/thalesignite/gose/key_generator.go:73.2,74.16 2 1
github.com/thalesignite/gose/key_generator.go:77.2,78.39 2 1
github.com/thalesignite/gose/key_generator.go:63.32,65.3 1 1
github.com/thalesignite/gose/key_generator.go:66.32,68.3 1 1
github.com/thalesignite/gose/key_generator.go:70.16,72.3 1 1
github.com/thalesignite/gose/key_generator.go:74.16,76.3 1 1
github.com/thalesignite/gose/key_generator.go:86.105,89.9 2 1
github.com/thalesignite/gose/key_generator.go:93.2,94.16 2 1
github.com/thalesignite/gose/key_generator.go:97.2,98.16 2 1
github.com/thalesignite/gose/key_generator.go:101.2,103.39 2 1
github.com/thalesignite/gose/key_generator.go:89.9,91.3 1 0
github.com/thalesignite/gose/key_generator.go:94.16,96.3 1 0
github.com/thalesignite/gose/key_generator.go:98.16,100.3 1 0
github.com/thalesignite/gose/key_generator.go:110.142,112.9 2 1
github.com/thalesignite/gose/key_generator.go:116.2,117.42 2 1
github.com/thalesignite/gose/key_generator.go:120.2,121.16 2 1
github.com/thalesignite/gose/key_generator.go:124.2,126.16 3 1
github.com/thalesignite/gose/key_generator.go:129.2,129.26 1 1
github.com/thalesignite/gose/key_generator.go:112.9,114.3 1 1
github.com/thalesignite/gose/key_generator.go:117.42,119.3 1 0
github.com/thalesignite/gose/key_generator.go:121.16,123.3 1 0
github.com/thalesignite/gose/key_generator.go:126.16,128.3 1 1
github.com/thalesignite/gose/verifier.go:61.54,63.2 1 1
github.com/thalesignite/gose/verifier.go:66.62,68.2 1 1
github.com/thalesignite/gose/verifier.go:71.65,73.16 2 1
github.com/thalesignite/gose/verifier.go:76.2,77.17 2 1
github.com/thalesignite/gose/verifier.go:73.16,75.3 1 0
github.com/thalesignite/gose/verifier.go:81.67,83.16 2 1
github.com/thalesignite/gose/verifier.go:86.2,86.25 1 1
github.com/thalesignite/gose/verifier.go:83.16,85.3 1 0
github.com/thalesignite/gose/verifier.go:90.70,92.16 2 1
github.com/thalesignite/gose/verifier.go:96.2,101.52 3 1
github.com/thalesignite/gose/verifier.go:104.2,104.36 1 1
github.com/thalesignite/gose/verifier.go:92.16,94.3 1 0
github.com/thalesignite/gose/verifier.go:101.52,103.3 1 0
github.com/thalesignite/gose/verifier.go:108.107,110.46 2 1
github.com/thalesignite/gose/verifier.go:113.2,114.48 2 1
github.com/thalesignite/gose/verifier.go:117.2,119.40 3 1
github.com/thalesignite/gose/verifier.go:124.2,124.19 1 1
github.com/thalesignite/gose/verifier.go:110.46,112.3 1 0
github.com/thalesignite/gose/verifier.go:114.48,116.3 1 0
github.com/thalesignite/gose/verifier.go:119.40,121.3 1 1
github.com/thalesignite/gose/verifier.go:121.8,123.3 1 1
github.com/thalesignite/gose/verifier.go:128.76,130.2 1 0
github.com/thalesignite/gose/verifier.go:133.64,136.24 2 1
github.com/thalesignite/gose/verifier.go:142.2,143.25 2 1
github.com/thalesignite/gose/verifier.go:136.24,138.20 2 1
github.com/thalesignite/gose/verifier.go:138.20,140.4 1 1
github.com/thalesignite/gose/verifier.go:144.26,146.91 1 1
github.com/thalesignite/gose/verifier.go:160.3,160.36 1 0
github.com/thalesignite/gose/verifier.go:161.25,162.96 1 1
github.com/thalesignite/gose/verifier.go:165.3,175.22 10 1
github.com/thalesignite/gose/verifier.go:177.10,178.36 1 0
github.com/thalesignite/gose/verifier.go:146.91,147.41 1 1
github.com/thalesignite/gose/verifier.go:150.4,158.23 9 1
github.com/thalesignite/gose/verifier.go:147.41,149.5 1 1
github.com/thalesignite/gose/verifier.go:162.96,164.4 1 0
github.com/thalesignite/gose/jwe_direct_decryptor.go:34.97,36.48 2 1
github.com/thalesignite/gose/jwe_direct_decryptor.go:41.2,41.32 1 1
github.com/thalesignite/gose/jwe_direct_decryptor.go:47.2,47.36 1 1
github.com/thalesignite/gose/jwe_direct_decryptor.go:52.2,54.69 3 1
github.com/thalesignite/gose/jwe_direct_decryptor.go:59.2,60.9 2 1
github.com/thalesignite/gose/jwe_direct_decryptor.go:66.2,66.72 1 1
github.com/thalesignite/gose/jwe_direct_decryptor.go:71.2,71.142 1 1
github.com/thalesignite/gose/jwe_direct_decryptor.go:75.2,75.38 1 1
github.com/thalesignite/gose/jwe_direct_decryptor.go:79.2,79.8 1 1
github.com/thalesignite/gose/jwe_direct_decryptor.go:36.48,38.3 1 1
github.com/thalesignite/gose/jwe_direct_decryptor.go:41.32,44.3 2 1
github.com/thalesignite/gose/jwe_direct_decryptor.go:47.36,50.3 2 1
github.com/thalesignite/gose/jwe_direct_decryptor.go:54.69,57.3 2 1
github.com/thalesignite/gose/jwe_direct_decryptor.go:60.9,63.3 2 1
github.com/thalesignite/gose/jwe_direct_decryptor.go:66.72,69.3 2 1
github.com/thalesignite/gose/jwe_direct_decryptor.go:71.142,73.3 1 1
github.com/thalesignite/gose/jwe_direct_decryptor.go:75.38,77.3 1 1
github.com/thalesignite/gose/jwe_direct_decryptor.go:83.91,88.27 2 1
github.com/thalesignite/gose/jwe_direct_decryptor.go:91.2,91.18 1 1
github.com/thalesignite/gose/jwe_direct_decryptor.go:88.27,90.3 1 1
github.com/thalesignite/gose/jwe_direct_encryptor.go:42.99,44.16 2 1
github.com/thalesignite/gose/jwe_direct_encryptor.go:48.2,50.18 3 1
github.com/thalesignite/gose/jwe_direct_encryptor.go:57.2,70.43 2 1
github.com/thalesignite/gose/jwe_direct_encryptor.go:74.2,74.132 1 1
github.com/thalesignite/gose/jwe_direct_encryptor.go:77.2,77.27 1 1
github.com/thalesignite/gose/jwe_direct_encryptor.go:44.16,46.3 1 0
github.com/thalesignite/gose/jwe_direct_encryptor.go:50.18,55.3 2 1
github.com/thalesignite/gose/jwe_direct_encryptor.go:70.43,72.3 1 0
github.com/thalesignite/gose/jwe_direct_encryptor.go:74.132,76.3 1 0
github.com/thalesignite/gose/jwe_direct_encryptor.go:81.98,85.2 1 1
github.com/thalesignite/gose/aes_gcm_cryptor.go:46.44,48.2 1 1
github.com/thalesignite/gose/aes_gcm_cryptor.go:51.52,53.2 1 1
github.com/thalesignite/gose/aes_gcm_cryptor.go:56.63,58.51 2 1
github.com/thalesignite/gose/aes_gcm_cryptor.go:61.2,61.19 1 1
github.com/thalesignite/gose/aes_gcm_cryptor.go:58.51,60.3 1 0
github.com/thalesignite/gose/aes_gcm_cryptor.go:65.125,67.46 2 1
github.com/thalesignite/gose/aes_gcm_cryptor.go:71.2,75.81 5 1
github.com/thalesignite/gose/aes_gcm_cryptor.go:78.2,79.8 2 1
github.com/thalesignite/gose/aes_gcm_cryptor.go:67.46,70.3 2 1
github.com/thalesignite/gose/aes_gcm_cryptor.go:75.81,77.3 1 0
github.com/thalesignite/gose/aes_gcm_cryptor.go:83.125,85.46 2 1
github.com/thalesignite/gose/aes_gcm_cryptor.go:89.2,89.44 1 1
github.com/thalesignite/gose/aes_gcm_cryptor.go:93.2,98.8 6 1
github.com/thalesignite/gose/aes_gcm_cryptor.go:85.46,88.3 2 1
github.com/thalesignite/gose/aes_gcm_cryptor.go:89.44,92.3 2 0
github.com/thalesignite/gose/aes_gcm_cryptor.go:102.104,105.19 2 1
github.com/thalesignite/gose/aes_gcm_cryptor.go:109.2,110.16 2 1
github.com/thalesignite/gose/aes_gcm_cryptor.go:113.2,119.8 1 1
github.com/thalesignite/gose/aes_gcm_cryptor.go:105.19,107.3 1 1
github.com/thalesignite/gose/aes_gcm_cryptor.go:110.16,112.3 1 1
github.com/thalesignite/gose/aes_gcm_cryptor.go:123.144,131.2 1 0
github.com/thalesignite/gose/helpers.go:53.47,55.16 2 0
github.com/thalesignite/gose/helpers.go:58.2,60.21 3 0
github.com/thalesignite/gose/helpers.go:55.16,57.3 1 0
github.com/thalesignite/gose/helpers.go:63.61,64.22 1 1
github.com/thalesignite/gose/helpers.go:67.2,68.29 2 1
github.com/thalesignite/gose/helpers.go:75.2,75.15 1 1
github.com/thalesignite/gose/helpers.go:64.22,66.3 1 1
github.com/thalesignite/gose/helpers.go:68.29,70.26 2 1
github.com/thalesignite/gose/helpers.go:73.3,73.30 1 1
github.com/thalesignite/gose/helpers.go:70.26,72.4 1 1
github.com/thalesignite/gose/helpers.go:78.76,80.26 2 1
github.com/thalesignite/gose/helpers.go:87.2,87.15 1 1
github.com/thalesignite/gose/helpers.go:80.26,81.28 1 1
github.com/thalesignite/gose/helpers.go:81.28,82.14 1 1
github.com/thalesignite/gose/helpers.go:82.14,84.5 1 1
github.com/thalesignite/gose/helpers.go:91.82,104.45 2 1
github.com/thalesignite/gose/helpers.go:107.2,107.76 1 1
github.com/thalesignite/gose/helpers.go:110.2,110.25 1 1
github.com/thalesignite/gose/helpers.go:104.45,106.3 1 0
github.com/thalesignite/gose/helpers.go:107.76,109.3 1 1
github.com/thalesignite/gose/helpers.go:111.27,113.48 1 1
github.com/thalesignite/gose/helpers.go:117.3,120.54 2 1
github.com/thalesignite/gose/helpers.go:124.3,130.134 6 1
github.com/thalesignite/gose/helpers.go:133.3,133.19 1 1
github.com/thalesignite/gose/helpers.go:134.26,135.18 1 1
github.com/thalesignite/gose/helpers.go:139.3,145.19 6 1
github.com/thalesignite/gose/helpers.go:146.10,147.36 1 1
github.com/thalesignite/gose/helpers.go:113.48,116.4 1 0
github.com/thalesignite/gose/helpers.go:120.54,122.4 1 0
github.com/thalesignite/gose/helpers.go:130.134,132.4 1 0
github.com/thalesignite/gose/helpers.go:135.18,138.4 1 0
github.com/thalesignite/gose/helpers.go:152.84,164.44 2 1
github.com/thalesignite/gose/helpers.go:167.2,167.76 1 1
github.com/thalesignite/gose/helpers.go:170.2,170.25 1 1
github.com/thalesignite/gose/helpers.go:164.44,166.3 1 0
github.com/thalesignite/gose/helpers.go:167.76,169.3 1 0
github.com/thalesignite/gose/helpers.go:171.26,173.33 1 1
github.com/thalesignite/gose/helpers.go:177.3,179.54 2 1
github.com/thalesignite/gose/helpers.go:182.3,184.19 3 1
github.com/thalesignite/gose/helpers.go:185.25,187.33 2 0
github.com/thalesignite/gose/helpers.go:191.3,194.19 4 0
github.com/thalesignite/gose/helpers.go:195.10,196.36 1 0
github.com/thalesignite/gose/helpers.go:173.33,176.4 1 0
github.com/thalesignite/gose/helpers.go:179.54,181.4 1 0
github.com/thalesignite/gose/helpers.go:187.33,190.4 1 0
github.com/thalesignite/gose/helpers.go:201.133,204.21 3 0
github.com/thalesignite/gose/helpers.go:207.2,208.16 2 0
github.com/thalesignite/gose/helpers.go:211.2,211.53 1 0
github.com/thalesignite/gose/helpers.go:214.2,216.16 3 0
github.com/thalesignite/gose/helpers.go:219.2,220.16 2 0
github.com/thalesignite/gose/helpers.go:223.2,224.8 2 0
github.com/thalesignite/gose/helpers.go:204.21,206.3 1 0
github.com/thalesignite/gose/helpers.go:208.16,210.3 1 0
github.com/thalesignite/gose/helpers.go:211.53,213.3 1 0
github.com/thalesignite/gose/helpers.go:216.16,218.3 1 0
github.com/thalesignite/gose/helpers.go:220.16,222.3 1 0
github.com/thalesignite/gose/helpers.go:228.51,230.29 1 1
github.com/thalesignite/gose/helpers.go:231.26,240.60 3 1
github.com/thalesignite/gose/helpers.go:243.3,244.40 2 1
github.com/thalesignite/gose/helpers.go:245.25,254.60 3 1
github.com/thalesignite/gose/helpers.go:257.3,258.40 2 1
github.com/thalesignite/gose/helpers.go:259.26,273.40 5 1
github.com/thalesignite/gose/helpers.go:274.10,275.35 1 0
github.com/thalesignite/gose/helpers.go:240.60,242.4 1 0
github.com/thalesignite/gose/helpers.go:254.60,256.4 1 0
github.com/thalesignite/gose/helpers.go:280.86,281.54 1 1
github.com/thalesignite/gose/helpers.go:284.2,284.57 1 1
github.com/thalesignite/gose/helpers.go:287.2,287.8 1 1
github.com/thalesignite/gose/helpers.go:281.54,283.3 1 0
github.com/thalesignite/gose/helpers.go:284.57,286.3 1 0
github.com/thalesignite/gose/helpers.go:291.77,294.16 2 0
github.com/thalesignite/gose/helpers.go:297.2,298.30 2 0
github.com/thalesignite/gose/helpers.go:294.16,296.3 1 0
github.com/thalesignite/gose/helpers.go:308.40,310.21 1 1
github.com/thalesignite/gose/helpers.go:315.2,315.22 1 1
github.com/thalesignite/gose/helpers.go:310.21,312.3 1 1
github.com/thalesignite/gose/helpers.go:312.8,312.27 1 1
github.com/thalesignite/gose/helpers.go:312.27,314.3 1 1
github.com/thalesignite/gose/helpers.go:318.39,319.16 1 1
github.com/thalesignite/gose/helpers.go:320.11,321.23 1 1
github.com/thalesignite/gose/helpers.go:322.11,323.23 1 1
github.com/thalesignite/gose/helpers.go:324.11,325.23 1 1
github.com/thalesignite/gose/helpers.go:326.10,327.23 1 0
github.com/thalesignite/gose/helpers.go:332.55,334.24 2 1
github.com/thalesignite/gose/helpers.go:351.2,354.30 4 1
github.com/thalesignite/gose/helpers.go:357.2,359.17 3 1
github.com/thalesignite/gose/helpers.go:335.27,337.63 1 1
github.com/thalesignite/gose/helpers.go:341.3,343.16 3 1
github.com/thalesignite/gose/helpers.go:344.26,347.16 3 1
github.com/thalesignite/gose/helpers.go:348.10,349.36 1 0
github.com/thalesignite/gose/helpers.go:337.63,340.4 1 0
github.com/thalesignite/gose/helpers.go:354.30,356.3 1 1
github.com/thalesignite/gose/helpers.go:363.48,365.16 2 1
github.com/thalesignite/gose/helpers.go:368.2,368.23 1 1
github.com/thalesignite/gose/helpers.go:365.16,367.3 1 0
github.com/thalesignite/gose/helpers.go:371.43,373.67 2 0
github.com/thalesignite/gose/helpers.go:376.2,376.58 1 0
github.com/thalesignite/gose/helpers.go:373.67,375.3 1 0
github.com/thalesignite/gose/helpers.go:380.121,382.32 2 1
github.com/thalesignite/gose/helpers.go:413.2,414.20 2 1
github.com/thalesignite/gose/helpers.go:417.2,418.16 2 1
github.com/thalesignite/gose/helpers.go:422.2,423.16 2 1
github.com/thalesignite/gose/helpers.go:427.2,429.17 2 1
github.com/thalesignite/gose/helpers.go:383.23,384.26 1 1
github.com/thalesignite/gose/helpers.go:387.3,400.13 13 1
github.com/thalesignite/gose/helpers.go:401.25,409.12 8 1
github.com/thalesignite/gose/helpers.go:410.10,411.36 1 0
github.com/thalesignite/gose/helpers.go:384.26,386.4 1 1
github.com/thalesignite/gose/helpers.go:414.20,416.3 1 0
github.com/thalesignite/gose/helpers.go:418.16,421.3 1 0
github.com/thalesignite/gose/helpers.go:423.16,426.3 1 0
github.com/thalesignite/gose/helpers.go:433.122,435.31 2 1
github.com/thalesignite/gose/helpers.go:458.2,461.20 4 1
github.com/thalesignite/gose/helpers.go:464.2,464.17 1 1
github.com/thalesignite/gose/helpers.go:436.22,437.26 1 1
github.com/thalesignite/gose/helpers.go:440.3,446.13 6 1
github.com/thalesignite/gose/helpers.go:447.24,454.12 7 1
github.com/thalesignite/gose/helpers.go:455.10,456.36 1 0
github.com/thalesignite/gose/helpers.go:437.26,439.4 1 0
github.com/thalesignite/gose/helpers.go:461.20,463.3 1 0
github.com/thalesignite/gose/helpers.go:483.75,486.39 2 1
github.com/thalesignite/gose/helpers.go:501.2,506.49 6 1
github.com/thalesignite/gose/helpers.go:509.2,511.8 3 1
github.com/thalesignite/gose/helpers.go:486.39,487.53 1 1
github.com/thalesignite/gose/helpers.go:491.3,491.26 1 1
github.com/thalesignite/gose/helpers.go:494.3,494.20 1 1
github.com/thalesignite/gose/helpers.go:487.53,490.4 2 1
github.com/thalesignite/gose/helpers.go:491.26,493.4 1 1
github.com/thalesignite/gose/helpers.go:494.20,496.4 1 1
github.com/thalesignite/gose/helpers.go:497.8,500.3 2 0
github.com/thalesignite/gose/helpers.go:506.49,508.3 1 0
github.com/thalesignite/gose/helpers.go:515.87,518.44 1 1
github.com/thalesignite/gose/helpers.go:522.2,522.76 1 1
github.com/thalesignite/gose/helpers.go:526.2,526.25 1 1
github.com/thalesignite/gose/helpers.go:518.44,521.3 2 1
github.com/thalesignite/gose/helpers.go:522.76,525.3 2 1
github.com/thalesignite/gose/helpers.go:527.26,529.9 2 1
github.com/thalesignite/gose/helpers.go:530.10,532.9 2 0
github.com/thalesignite/gose/helpers.go:537.89,539.62 2 1
github.com/thalesignite/gose/helpers.go:542.2,543.17 2 1
github.com/thalesignite/gose/helpers.go:539.62,541.3 1 1
github.com/thalesignite/gose/helpers.go:544.57,546.46 2 1
github.com/thalesignite/gose/helpers.go:549.3,549.44 1 1
github.com/thalesignite/gose/helpers.go:552.3,552.9 1 1
github.com/thalesignite/gose/helpers.go:553.10,555.9 2 0
github.com/thalesignite/gose/helpers.go:546.46,548.4 1 0
github.com/thalesignite/gose/helpers.go:549.44,551.4 1 0
github.com/thalesignite/gose/interfaces.go:37.42,39.2 1 0
github.com/thalesignite/gose/jwt_signer.go:41.46,43.2 1 1
github.com/thalesignite/gose/jwt_signer.go:46.115,48.20 2 1
github.com/thalesignite/gose/jwt_signer.go:58.2,75.16 3 1
github.com/thalesignite/gose/jwt_signer.go:78.2,79.16 2 1
github.com/thalesignite/gose/jwt_signer.go:82.2,83.70 2 1
github.com/thalesignite/gose/jwt_signer.go:87.2,87.56 1 1
github.com/thalesignite/gose/jwt_signer.go:48.20,50.29 2 1
github.com/thalesignite/gose/jwt_signer.go:50.29,52.18 2 1
github.com/thalesignite/gose/jwt_signer.go:55.4,55.31 1 1
github.com/thalesignite/gose/jwt_signer.go:52.18,54.5 1 0
github.com/thalesignite/gose/jwt_signer.go:75.16,77.3 1 0
github.com/thalesignite/gose/jwt_signer.go:79.16,81.3 1 1
github.com/thalesignite/gose/jwt_signer.go:83.70,86.3 1 0
github.com/thalesignite/gose/jwt_signer.go:91.65,93.2 1 1
github.com/thalesignite/gose/keystore.go:41.72,42.21 1 1
github.com/thalesignite/gose/keystore.go:46.2,48.46 3 1
github.com/thalesignite/gose/keystore.go:51.2,51.56 1 1
github.com/thalesignite/gose/keystore.go:54.2,55.12 2 1
github.com/thalesignite/gose/keystore.go:42.21,45.3 1 0
github.com/thalesignite/gose/keystore.go:48.46,50.3 1 1
github.com/thalesignite/gose/keystore.go:51.56,53.3 1 0
github.com/thalesignite/gose/keystore.go:59.65,62.46 3 0
github.com/thalesignite/gose/keystore.go:65.2,66.13 2 0
github.com/thalesignite/gose/keystore.go:62.46,64.3 1 0
github.com/thalesignite/gose/keystore.go:70.73,73.42 3 1
github.com/thalesignite/gose/keystore.go:80.2,80.12 1 0
github.com/thalesignite/gose/keystore.go:73.42,74.33 1 1
github.com/thalesignite/gose/keystore.go:74.33,75.55 1 1
github.com/thalesignite/gose/keystore.go:75.55,77.5 1 1
github.com/thalesignite/gose/keystore.go:84.91,87.36 3 1
github.com/thalesignite/gose/keystore.go:92.2,93.8 2 1
github.com/thalesignite/gose/keystore.go:87.36,88.45 1 1
github.com/thalesignite/gose/keystore.go:88.45,90.4 1 0
github.com/thalesignite/gose/keystore.go:97.82,102.16 5 0
github.com/thalesignite/gose/keystore.go:105.2,105.58 1 0
github.com/thalesignite/gose/keystore.go:108.2,108.37 1 0
github.com/thalesignite/gose/keystore.go:117.2,118.8 2 0
github.com/thalesignite/gose/keystore.go:102.16,104.3 1 0
github.com/thalesignite/gose/keystore.go:105.58,107.3 1 0
github.com/thalesignite/gose/keystore.go:108.37,110.79 2 0
github.com/thalesignite/gose/keystore.go:113.3,113.45 1 0
github.com/thalesignite/gose/keystore.go:110.79,112.4 1 0
github.com/thalesignite/gose/keystore.go:113.45,115.4 1 0
github.com/thalesignite/gose/ecdsa_signer.go:47.50,49.2 1 1
github.com/thalesignite/gose/ecdsa_signer.go:61.52,63.2 1 1
github.com/thalesignite/gose/ecdsa_signer.go:66.52,68.2 1 0
github.com/thalesignite/gose/ecdsa_signer.go:74.103,76.46 2 1
github.com/thalesignite/gose/ecdsa_signer.go:81.2,82.34 2 1
github.com/thalesignite/gose/ecdsa_signer.go:87.2,88.54 2 1
github.com/thalesignite/gose/ecdsa_signer.go:93.2,96.75 3 1
github.com/thalesignite/gose/ecdsa_signer.go:120.2,120.8 1 0
github.com/thalesignite/gose/ecdsa_signer.go:76.46,79.3 2 0
github.com/thalesignite/gose/ecdsa_signer.go:82.34,85.3 2 0
github.com/thalesignite/gose/ecdsa_signer.go:88.54,90.3 1 0
github.com/thalesignite/gose/ecdsa_signer.go:96.75,99.37 3 1
github.com/thalesignite/gose/ecdsa_signer.go:104.3,118.9 9 1
github.com/thalesignite/gose/ecdsa_signer.go:99.37,102.4 2 0
github.com/thalesignite/gose/ecdsa_signer.go:124.68,126.16 2 1
github.com/thalesignite/gose/ecdsa_signer.go:129.2,129.38 1 1
github.com/thalesignite/gose/ecdsa_signer.go:126.16,128.3 1 0
github.com/thalesignite/gose/ecdsa_signer.go:133.45,136.2 1 1
github.com/thalesignite/gose/ecdsa_signer.go:139.58,141.2 1 1
github.com/thalesignite/gose/ecdsa_signer.go:146.67,149.92 3 1
github.com/thalesignite/gose/ecdsa_signer.go:153.2,158.51 3 1
github.com/thalesignite/gose/ecdsa_signer.go:161.2,161.36 1 1
github.com/thalesignite/gose/ecdsa_signer.go:149.92,151.3 1 0
github.com/thalesignite/gose/ecdsa_signer.go:158.51,160.3 1 0
github.com/thalesignite/gose/ecdsa_signer.go:166.67,168.2 1 0
github.com/thalesignite/gose/ecdsa_signer.go:171.56,174.2 1 1
github.com/thalesignite/gose/ecdsa_verifier.go:48.61,50.2 1 1
github.com/thalesignite/gose/ecdsa_verifier.go:56.106,58.46 2 1
github.com/thalesignite/gose/ecdsa_verifier.go:63.2,66.33 4 1
github.com/thalesignite/gose/ecdsa_verifier.go:70.2,74.37 3 1
github.com/thalesignite/gose/ecdsa_verifier.go:77.2,78.54 2 1
github.com/thalesignite/gose/ecdsa_verifier.go:83.2,83.55 1 1
github.com/thalesignite/gose/ecdsa_verifier.go:58.46,60.3 1 0
github.com/thalesignite/gose/ecdsa_verifier.go:66.33,68.3 1 0
github.com/thalesignite/gose/ecdsa_verifier.go:74.37,76.3 1 0
github.com/thalesignite/gose/ecdsa_verifier.go:78.54,80.3 1 0
github.com/thalesignite/gose/ecdsa_verifier.go:87.75,89.2 1 0
github.com/thalesignite/gose/ecdsa_verifier.go:92.64,94.2 1 1
github.com/thalesignite/gose/ecdsa_verifier.go:97.66,99.16 2 1
github.com/thalesignite/gose/ecdsa_verifier.go:102.2,102.25 1 1
github.com/thalesignite/gose/ecdsa_verifier.go:99.16,101.3 1 0
github.com/thalesignite/gose/ecdsa_verifier.go:106.69,108.16 2 1
github.com/thalesignite/gose/ecdsa_verifier.go:112.2,117.52 3 1
github.com/thalesignite/gose/ecdsa_verifier.go:120.2,120.36 1 1
github.com/thalesignite/gose/ecdsa_verifier.go:108.16,110.3 1 0
github.com/thalesignite/gose/ecdsa_verifier.go:117.52,119.3 1 0
github.com/thalesignite/gose/ecdsa_verifier.go:124.53,126.2 1 1
github.com/thalesignite/gose/jwks_truststore.go:47.69,49.2 1 1
github.com/thalesignite/gose/jwks_truststore.go:52.62,54.2 1 1
github.com/thalesignite/gose/jwks_truststore.go:57.70,58.28 1 1
github.com/thalesignite/gose/jwks_truststore.go:102.2,102.12 1 0
github.com/thalesignite/gose/jwks_truststore.go:58.28,61.34 3 1
github.com/thalesignite/gose/jwks_truststore.go:67.3,68.17 2 1
github.com/thalesignite/gose/jwks_truststore.go:72.3,72.43 1 1
github.com/thalesignite/gose/jwks_truststore.go:76.3,78.47 3 1
github.com/thalesignite/gose/jwks_truststore.go:82.3,83.33 2 1
github.com/thalesignite/gose/jwks_truststore.go:92.3,95.34 2 1
github.com/thalesignite/gose/jwks_truststore.go:61.34,62.24 1 1
github.com/thalesignite/gose/jwks_truststore.go:62.24,64.5 1 1
github.com/thalesignite/gose/jwks_truststore.go:68.17,71.4 2 1
github.com/thalesignite/gose/jwks_truststore.go:72.43,75.4 2 1
github.com/thalesignite/gose/jwks_truststore.go:78.47,81.4 2 1
github.com/thalesignite/gose/jwks_truststore.go:83.33,85.18 2 1
github.com/thalesignite/gose/jwks_truststore.go:89.4,89.40 1 1
github.com/thalesignite/gose/jwks_truststore.go:85.18,88.5 2 0
github.com/thalesignite/gose/jwks_truststore.go:95.34,96.24 1 1
github.com/thalesignite/gose/jwks_truststore.go:96.24,98.5 1 1
github.com/thalesignite/gose/jwks_truststore.go:107.58,113.2 1 1
